<?xml version="1.0" encoding="UTF-8"?>
<!-- Generated by org.testng.reporters.JUnitXMLReporter -->
<testsuite ignored="1" hostname="Sampath-Laptop" failures="1" tests="10" name="Test" time="0.096" errors="0" timestamp="2024-08-21T12:33:16 IST">
  <testcase classname="testpractice.TestngBasics" name="ParameterEx" time="0.01"/>
  <testcase classname="testpractice.TestngBasics" name="TCWMDS" time="0.001"/>
  <testcase classname="testpractice.TestngBasics" name="TCWMDS" time="0.001"/>
  <testcase classname="testpractice.TestngBasics" name="TCWMDS" time="0.001"/>
  <testcase classname="testpractice.TestngBasics" name="TestListen" time="0.005">
    <failure type="java.lang.AssertionError" message="expected [true] but found [false]">
      <![CDATA[java.lang.AssertionError: expected [true] but found [false]
at testpractice.TestngBasics.TestListen(TestngBasics.java:209)
at java.base/java.util.ArrayList.forEach(ArrayList.java:1596)
... Removed 29 stack frames]]>
    </failure>
  </testcase> <!-- TestListen -->
  <testcase classname="testpractice.TestngBasics" name="TimeOut" time="0.005"/>
  <testcase classname="testpractice.TestngBasics" name="WebLogin" time="0.001"/>
  <testcase classname="testpractice.TestngBasics" name="ZLogin" time="0.001"/>
  <testcase classname="testpractice.TestngBasics" name="Demo" time="0.0"/>
  <testcase classname="testpractice.TestngBasics" name="ALogin" time="0.001"/>
  <testcase classname="testpractice.TestngBasics" name="BugFoundAlready" time="0.0">
    <ignored/>
  </testcase> <!-- BugFoundAlready -->
</testsuite> <!-- Test -->
