<?xml version="1.0" encoding="UTF-8"?>
<testng-results ignored="0" total="10" passed="9" failed="1" skipped="0">
  <reporter-output>
  </reporter-output>
  <suite started-at="2024-08-21T12:33:16 IST" name="Suite" finished-at="2024-08-21T12:33:16 IST" duration-ms="96">
    <groups>
      <group name="smoke">
        <method signature="TestngBasics.WebLogin()[pri:0, instance:testpractice.TestngBasics@40a4337a]" name="WebLogin" class="testpractice.TestngBasics"/>
      </group> <!-- smoke -->
    </groups>
    <test started-at="2024-08-21T12:33:16 IST" name="Test" finished-at="2024-08-21T12:33:16 IST" duration-ms="96">
      <class name="testpractice.TestngBasics">
        <test-method is-config="true" signature="BfSuite()[pri:0, instance:testpractice.TestngBasics@40a4337a]" started-at="2024-08-21T12:33:16 IST" name="BfSuite" finished-at="2024-08-21T12:33:16 IST" duration-ms="12" status="PASS">
          <reporter-output>
          </reporter-output>
        </test-method> <!-- BfSuite -->
        <test-method is-config="true" signature="prerequisite()[pri:0, instance:testpractice.TestngBasics@40a4337a]" started-at="2024-08-21T12:33:16 IST" name="prerequisite" finished-at="2024-08-21T12:33:16 IST" duration-ms="0" status="PASS">
          <reporter-output>
          </reporter-output>
        </test-method> <!-- prerequisite -->
        <test-method is-config="true" signature="BfClass()[pri:0, instance:testpractice.TestngBasics@40a4337a]" started-at="2024-08-21T12:33:16 IST" name="BfClass" finished-at="2024-08-21T12:33:16 IST" duration-ms="1" status="PASS">
          <reporter-output>
          </reporter-output>
        </test-method> <!-- BfClass -->
        <test-method is-config="true" signature="BfMethod()[pri:0, instance:testpractice.TestngBasics@40a4337a]" started-at="2024-08-21T12:33:16 IST" name="BfMethod" finished-at="2024-08-21T12:33:16 IST" duration-ms="0" status="PASS">
          <reporter-output>
          </reporter-output>
        </test-method> <!-- BfMethod -->
        <test-method signature="ParameterEx(java.lang.String,java.lang.String)[pri:0, instance:testpractice.TestngBasics@40a4337a]" started-at="2024-08-21T12:33:16 IST" name="ParameterEx" finished-at="2024-08-21T12:33:16 IST" duration-ms="10" status="PASS">
          <params>
            <param index="0">
              <value>
                <![CDATA[qaclickacademy.com]]>
              </value>
            </param>
            <param index="1">
              <value>
                <![CDATA[123456]]>
              </value>
            </param>
          </params>
          <reporter-output>
          </reporter-output>
        </test-method> <!-- ParameterEx -->
        <test-method is-config="true" signature="AfMethod()[pri:0, instance:testpractice.TestngBasics@40a4337a]" started-at="2024-08-21T12:33:16 IST" name="AfMethod" finished-at="2024-08-21T12:33:16 IST" duration-ms="1" status="PASS">
          <reporter-output>
          </reporter-output>
        </test-method> <!-- AfMethod -->
        <test-method signature="TCWMDS(java.lang.String,java.lang.String)[pri:0, instance:testpractice.TestngBasics@40a4337a]" started-at="2024-08-21T12:33:16 IST" name="TCWMDS" data-provider="getData" finished-at="2024-08-21T12:33:16 IST" duration-ms="1" status="PASS">
          <params>
            <param index="0">
              <value>
                <![CDATA[username1]]>
              </value>
            </param>
            <param index="1">
              <value>
                <![CDATA[pass1]]>
              </value>
            </param>
          </params>
          <reporter-output>
          </reporter-output>
        </test-method> <!-- TCWMDS -->
        <test-method is-config="true" signature="BfMethod()[pri:0, instance:testpractice.TestngBasics@40a4337a]" started-at="2024-08-21T12:33:16 IST" name="BfMethod" finished-at="2024-08-21T12:33:16 IST" duration-ms="0" status="PASS">
          <reporter-output>
          </reporter-output>
        </test-method> <!-- BfMethod -->
        <test-method is-config="true" signature="AfMethod()[pri:0, instance:testpractice.TestngBasics@40a4337a]" started-at="2024-08-21T12:33:16 IST" name="AfMethod" finished-at="2024-08-21T12:33:16 IST" duration-ms="1" status="PASS">
          <reporter-output>
          </reporter-output>
        </test-method> <!-- AfMethod -->
        <test-method signature="TCWMDS(java.lang.String,java.lang.String)[pri:0, instance:testpractice.TestngBasics@40a4337a]" started-at="2024-08-21T12:33:16 IST" name="TCWMDS" data-provider="getData" finished-at="2024-08-21T12:33:16 IST" duration-ms="1" status="PASS">
          <params>
            <param index="0">
              <value>
                <![CDATA[username2]]>
              </value>
            </param>
            <param index="1">
              <value>
                <![CDATA[pass2]]>
              </value>
            </param>
          </params>
          <reporter-output>
          </reporter-output>
        </test-method> <!-- TCWMDS -->
        <test-method is-config="true" signature="BfMethod()[pri:0, instance:testpractice.TestngBasics@40a4337a]" started-at="2024-08-21T12:33:16 IST" name="BfMethod" finished-at="2024-08-21T12:33:16 IST" duration-ms="0" status="PASS">
          <reporter-output>
          </reporter-output>
        </test-method> <!-- BfMethod -->
        <test-method is-config="true" signature="AfMethod()[pri:0, instance:testpractice.TestngBasics@40a4337a]" started-at="2024-08-21T12:33:16 IST" name="AfMethod" finished-at="2024-08-21T12:33:16 IST" duration-ms="0" status="PASS">
          <reporter-output>
          </reporter-output>
        </test-method> <!-- AfMethod -->
        <test-method signature="TCWMDS(java.lang.String,java.lang.String)[pri:0, instance:testpractice.TestngBasics@40a4337a]" started-at="2024-08-21T12:33:16 IST" name="TCWMDS" data-provider="getData" finished-at="2024-08-21T12:33:16 IST" duration-ms="1" status="PASS">
          <params>
            <param index="0">
              <value>
                <![CDATA[username3]]>
              </value>
            </param>
            <param index="1">
              <value>
                <![CDATA[pass3]]>
              </value>
            </param>
          </params>
          <reporter-output>
          </reporter-output>
        </test-method> <!-- TCWMDS -->
        <test-method is-config="true" signature="BfMethod()[pri:0, instance:testpractice.TestngBasics@40a4337a]" started-at="2024-08-21T12:33:16 IST" name="BfMethod" finished-at="2024-08-21T12:33:16 IST" duration-ms="0" status="PASS">
          <reporter-output>
          </reporter-output>
        </test-method> <!-- BfMethod -->
        <test-method is-config="true" signature="BfMethod()[pri:0, instance:testpractice.TestngBasics@40a4337a]" started-at="2024-08-21T12:33:16 IST" name="BfMethod" finished-at="2024-08-21T12:33:16 IST" duration-ms="1" status="PASS">
          <reporter-output>
          </reporter-output>
        </test-method> <!-- BfMethod -->
        <test-method is-config="true" signature="AfMethod()[pri:0, instance:testpractice.TestngBasics@40a4337a]" started-at="2024-08-21T12:33:16 IST" name="AfMethod" finished-at="2024-08-21T12:33:16 IST" duration-ms="0" status="PASS">
          <reporter-output>
          </reporter-output>
        </test-method> <!-- AfMethod -->
        <test-method signature="TestListen()[pri:0, instance:testpractice.TestngBasics@40a4337a]" started-at="2024-08-21T12:33:16 IST" name="TestListen" finished-at="2024-08-21T12:33:16 IST" duration-ms="5" status="FAIL">
          <exception class="java.lang.AssertionError">
            <message>
              <![CDATA[expected [true] but found [false]]]>
            </message>
            <full-stacktrace>
              <![CDATA[java.lang.AssertionError: expected [true] but found [false]
at org.testng.Assert.fail(Assert.java:111)
at org.testng.Assert.failNotEquals(Assert.java:1578)
at org.testng.Assert.assertTrue(Assert.java:57)
at org.testng.Assert.assertTrue(Assert.java:67)
at testpractice.TestngBasics.TestListen(TestngBasics.java:209)
at java.base/jdk.internal.reflect.DirectMethodHandleAccessor.invoke(DirectMethodHandleAccessor.java:103)
at java.base/java.lang.reflect.Method.invoke(Method.java:580)
at org.testng.internal.invokers.MethodInvocationHelper.invokeMethod(MethodInvocationHelper.java:141)
at org.testng.internal.invokers.TestInvoker.invokeMethod(TestInvoker.java:686)
at org.testng.internal.invokers.TestInvoker.invokeTestMethod(TestInvoker.java:230)
at org.testng.internal.invokers.MethodRunner.runInSequence(MethodRunner.java:63)
at org.testng.internal.invokers.TestInvoker$MethodInvocationAgent.invoke(TestInvoker.java:992)
at org.testng.internal.invokers.TestInvoker.invokeTestMethods(TestInvoker.java:203)
at org.testng.internal.invokers.TestMethodWorker.invokeTestMethods(TestMethodWorker.java:154)
at org.testng.internal.invokers.TestMethodWorker.run(TestMethodWorker.java:134)
at java.base/java.util.ArrayList.forEach(ArrayList.java:1596)
at org.testng.TestRunner.privateRun(TestRunner.java:739)
at org.testng.TestRunner.run(TestRunner.java:614)
at org.testng.SuiteRunner.runTest(SuiteRunner.java:421)
at org.testng.SuiteRunner.runSequentially(SuiteRunner.java:413)
at org.testng.SuiteRunner.privateRun(SuiteRunner.java:373)
at org.testng.SuiteRunner.run(SuiteRunner.java:312)
at org.testng.SuiteRunnerWorker.runSuite(SuiteRunnerWorker.java:52)
at org.testng.SuiteRunnerWorker.run(SuiteRunnerWorker.java:95)
at org.testng.TestNG.runSuitesSequentially(TestNG.java:1274)
at org.testng.TestNG.runSuitesLocally(TestNG.java:1208)
at org.testng.TestNG.runSuites(TestNG.java:1112)
at org.testng.TestNG.run(TestNG.java:1079)
at org.testng.remote.AbstractRemoteTestNG.run(AbstractRemoteTestNG.java:115)
at org.testng.remote.RemoteTestNG.initAndRun(RemoteTestNG.java:293)
at org.testng.remote.RemoteTestNG.main(RemoteTestNG.java:91)
]]>
            </full-stacktrace>
          </exception> <!-- java.lang.AssertionError -->
          <reporter-output>
          </reporter-output>
        </test-method> <!-- TestListen -->
        <test-method is-config="true" signature="AfMethod()[pri:0, instance:testpractice.TestngBasics@40a4337a]" started-at="2024-08-21T12:33:16 IST" name="AfMethod" finished-at="2024-08-21T12:33:16 IST" duration-ms="1" status="PASS">
          <reporter-output>
          </reporter-output>
        </test-method> <!-- AfMethod -->
        <test-method signature="TimeOut()[pri:0, instance:testpractice.TestngBasics@40a4337a]" started-at="2024-08-21T12:33:16 IST" name="TimeOut" finished-at="2024-08-21T12:33:16 IST" duration-ms="5" status="PASS">
          <reporter-output>
          </reporter-output>
        </test-method> <!-- TimeOut -->
        <test-method is-config="true" signature="BfMethod()[pri:0, instance:testpractice.TestngBasics@40a4337a]" started-at="2024-08-21T12:33:16 IST" name="BfMethod" finished-at="2024-08-21T12:33:16 IST" duration-ms="0" status="PASS">
          <reporter-output>
          </reporter-output>
        </test-method> <!-- BfMethod -->
        <test-method is-config="true" signature="AfMethod()[pri:0, instance:testpractice.TestngBasics@40a4337a]" started-at="2024-08-21T12:33:16 IST" name="AfMethod" finished-at="2024-08-21T12:33:16 IST" duration-ms="0" status="PASS">
          <reporter-output>
          </reporter-output>
        </test-method> <!-- AfMethod -->
        <test-method signature="WebLogin()[pri:0, instance:testpractice.TestngBasics@40a4337a]" started-at="2024-08-21T12:33:16 IST" name="WebLogin" finished-at="2024-08-21T12:33:16 IST" duration-ms="1" status="PASS">
          <reporter-output>
          </reporter-output>
        </test-method> <!-- WebLogin -->
        <test-method is-config="true" signature="BfMethod()[pri:0, instance:testpractice.TestngBasics@40a4337a]" started-at="2024-08-21T12:33:16 IST" name="BfMethod" finished-at="2024-08-21T12:33:16 IST" duration-ms="0" status="PASS">
          <reporter-output>
          </reporter-output>
        </test-method> <!-- BfMethod -->
        <test-method is-config="true" signature="AfMethod()[pri:0, instance:testpractice.TestngBasics@40a4337a]" started-at="2024-08-21T12:33:16 IST" name="AfMethod" finished-at="2024-08-21T12:33:16 IST" duration-ms="1" status="PASS">
          <reporter-output>
          </reporter-output>
        </test-method> <!-- AfMethod -->
        <test-method signature="ZLogin()[pri:0, instance:testpractice.TestngBasics@40a4337a]" started-at="2024-08-21T12:33:16 IST" name="ZLogin" finished-at="2024-08-21T12:33:16 IST" duration-ms="1" status="PASS">
          <reporter-output>
          </reporter-output>
        </test-method> <!-- ZLogin -->
        <test-method is-config="true" signature="BfMethod()[pri:0, instance:testpractice.TestngBasics@40a4337a]" started-at="2024-08-21T12:33:16 IST" name="BfMethod" finished-at="2024-08-21T12:33:16 IST" duration-ms="0" status="PASS">
          <reporter-output>
          </reporter-output>
        </test-method> <!-- BfMethod -->
        <test-method is-config="true" signature="AfMethod()[pri:0, instance:testpractice.TestngBasics@40a4337a]" started-at="2024-08-21T12:33:16 IST" name="AfMethod" finished-at="2024-08-21T12:33:16 IST" duration-ms="0" status="PASS">
          <reporter-output>
          </reporter-output>
        </test-method> <!-- AfMethod -->
        <test-method is-config="true" signature="BfMethod()[pri:0, instance:testpractice.TestngBasics@40a4337a]" started-at="2024-08-21T12:33:16 IST" name="BfMethod" finished-at="2024-08-21T12:33:16 IST" duration-ms="1" status="PASS">
          <reporter-output>
          </reporter-output>
        </test-method> <!-- BfMethod -->
        <test-method signature="Demo()[pri:0, instance:testpractice.TestngBasics@40a4337a]" started-at="2024-08-21T12:33:16 IST" name="Demo" finished-at="2024-08-21T12:33:16 IST" duration-ms="0" status="PASS">
          <reporter-output>
          </reporter-output>
        </test-method> <!-- Demo -->
        <test-method is-config="true" signature="AfMethod()[pri:0, instance:testpractice.TestngBasics@40a4337a]" started-at="2024-08-21T12:33:16 IST" name="AfMethod" finished-at="2024-08-21T12:33:16 IST" duration-ms="0" status="PASS">
          <reporter-output>
          </reporter-output>
        </test-method> <!-- AfMethod -->
        <test-method is-config="true" signature="BfMethod()[pri:0, instance:testpractice.TestngBasics@40a4337a]" started-at="2024-08-21T12:33:16 IST" name="BfMethod" finished-at="2024-08-21T12:33:16 IST" duration-ms="1" status="PASS">
          <reporter-output>
          </reporter-output>
        </test-method> <!-- BfMethod -->
        <test-method signature="ALogin()[pri:0, instance:testpractice.TestngBasics@40a4337a]" started-at="2024-08-21T12:33:16 IST" name="ALogin" finished-at="2024-08-21T12:33:16 IST" depends-on-methods="testpractice.TestngBasics.ZLogin" duration-ms="1" status="PASS">
          <reporter-output>
          </reporter-output>
        </test-method> <!-- ALogin -->
        <test-method is-config="true" signature="AfMethod()[pri:0, instance:testpractice.TestngBasics@40a4337a]" started-at="2024-08-21T12:33:16 IST" name="AfMethod" finished-at="2024-08-21T12:33:16 IST" duration-ms="0" status="PASS">
          <reporter-output>
          </reporter-output>
        </test-method> <!-- AfMethod -->
        <test-method is-config="true" signature="lastexecution()[pri:0, instance:testpractice.TestngBasics@40a4337a]" started-at="2024-08-21T12:33:16 IST" name="lastexecution" finished-at="2024-08-21T12:33:16 IST" duration-ms="0" status="PASS">
          <reporter-output>
          </reporter-output>
        </test-method> <!-- lastexecution -->
        <test-method is-config="true" signature="AfClass()[pri:0, instance:testpractice.TestngBasics@40a4337a]" started-at="2024-08-21T12:33:16 IST" name="AfClass" finished-at="2024-08-21T12:33:16 IST" duration-ms="0" status="PASS">
          <reporter-output>
          </reporter-output>
        </test-method> <!-- AfClass -->
        <test-method is-config="true" signature="AfSuite()[pri:0, instance:testpractice.TestngBasics@40a4337a]" started-at="2024-08-21T12:33:16 IST" name="AfSuite" finished-at="2024-08-21T12:33:16 IST" duration-ms="1" status="PASS">
          <reporter-output>
          </reporter-output>
        </test-method> <!-- AfSuite -->
      </class> <!-- testpractice.TestngBasics -->
    </test> <!-- Test -->
  </suite> <!-- Suite -->
</testng-results>
